#
# There is insufficient memory for the Java Runtime Environment to continue.
# Native memory allocation (mmap) failed to map 132120576 bytes for Failed to commit area from 0x0000000082000000 to 0x0000000089e00000 of length 132120576.
# Possible reasons:
#   The system is out of physical RAM or swap space
#   The process is running with CompressedOops enabled, and the Java Heap may be blocking the growth of the native heap
# Possible solutions:
#   Reduce memory load on the system
#   Increase physical memory or swap space
#   Check if swap backing store is full
#   Decrease Java heap size (-Xmx/-Xms)
#   Decrease number of Java threads
#   Decrease Java thread stack sizes (-Xss)
#   Set larger code cache with -XX:ReservedCodeCacheSize=
# This output file may be truncated or incomplete.
#
#  Out of Memory Error (./src/hotspot/os/windows/os_windows.cpp:3303), pid=34476, tid=34520
#
# JRE version:  (11.0.9.1+11) (build )
# Java VM: OpenJDK 64-Bit Server VM (11.0.9.1+11-b1145.63, mixed mode, sharing, tiered, compressed oops, g1 gc, windows-amd64)
# No core dump will be written. Minidumps are not enabled by default on client versions of Windows
#

---------------  S U M M A R Y ------------

Command Line: -ea -Didea.test.cyclic.buffer.size=1048576 -javaagent:C:\Program Files\JetBrains\IntelliJ IDEA Community Edition 2020.3.1\lib\idea_rt.jar=53496:C:\Program Files\JetBrains\IntelliJ IDEA Community Edition 2020.3.1\bin -Dfile.encoding=UTF-8 com.intellij.rt.junit.JUnitStarter -ideVersion5 -junit5 com.personal.projects.oficina_interativa.unitarios.PecaRepositoryTest,testaSalvarPecaSemNome

Host: Intel(R) Core(TM) i5-6200U CPU @ 2.30GHz, 4 cores, 7G,  Windows 10 , 64 bit Build 18362 (10.0.18362.1110)
Time: Sat Jan  9 22:13:49 2021 Hora Padrão de Buenos Aires elapsed time: 0.063920 seconds (0d 0h 0m 0s)

---------------  T H R E A D  ---------------

Current thread (0x0000020f10feb800):  JavaThread "Unknown thread" [_thread_in_vm, id=34520, stack(0x0000007022300000,0x0000007022400000)]

Stack: [0x0000007022300000,0x0000007022400000]
Native frames: (J=compiled Java code, j=interpreted, Vv=VM code, C=native code)
V  [jvm.dll+0x5edd9a]
V  [jvm.dll+0x7229c5]
V  [jvm.dll+0x723f1d]
V  [jvm.dll+0x7245d3]
V  [jvm.dll+0x2431b8]
V  [jvm.dll+0x5eb234]
V  [jvm.dll+0x5e0325]
V  [jvm.dll+0x2fe60b]
V  [jvm.dll+0x2fe57a]
V  [jvm.dll+0x2fe452]
V  [jvm.dll+0x303346]
V  [jvm.dll+0x34ba83]
V  [jvm.dll+0x34c186]
V  [jvm.dll+0x34bb83]
V  [jvm.dll+0x2d9218]
V  [jvm.dll+0x2da3c7]
V  [jvm.dll+0x701a67]
V  [jvm.dll+0x70325c]
V  [jvm.dll+0x359049]
V  [jvm.dll+0x6e552e]
V  [jvm.dll+0x3c1353]
V  [jvm.dll+0x3c3571]
C  [jli.dll+0x5373]
C  [ucrtbase.dll+0x210b2]
C  [KERNEL32.DLL+0x17c24]
C  [ntdll.dll+0x6d4d1]


---------------  P R O C E S S  ---------------

Threads class SMR info:
_java_thread_list=0x0000020f0eed52e0, length=0, elements={
}

Java Threads: ( => current thread )

Other Threads:
  0x0000020f11006000 GCTaskThread "GC Thread#0" [stack: 0x0000007022400000,0x0000007022500000] [id=34524]
  0x0000020f11036800 ConcurrentGCThread "G1 Main Marker" [stack: 0x0000007022500000,0x0000007022600000] [id=34528]
  0x0000020f11038000 ConcurrentGCThread "G1 Conc#0" [stack: 0x0000007022600000,0x0000007022700000] [id=34532]

[error occurred during error reporting (printing all threads), id 0xc0000005, EXCEPTION_ACCESS_VIOLATION (0xc0000005) at pc=0x00007ffbc5ad9807]

VM state:not at safepoint (not fully initialized)

VM Mutex/Monitor currently owned by a thread:  ([mutex/lock_event])
[0x0000020f10fe8e10] Heap_lock - owner thread: 0x0000020f10feb800

Heap address: 0x0000000082000000, size: 2016 MB, Compressed Oops mode: Non-zero based: 0x0000000082000000
Narrow klass base: 0x0000000000000000, Narrow klass shift: 0

GC Heap History (0 events):
No events

Deoptimization events (0 events):
No events

Classes redefined (0 events):
No events

Internal exceptions (0 events):
No events

Events (1 events):
Event: 0.047 Loaded shared library C:\Program Files\JetBrains\IntelliJ IDEA Community Edition 2020.3.1\jbr\bin\zip.dll


Dynamic libraries:
0x00007ff65a910000 - 0x00007ff65a91a000 	C:\Program Files\JetBrains\IntelliJ IDEA Community Edition 2020.3.1\jbr\bin\java.exe
0x00007ffbf7380000 - 0x00007ffbf7570000 	C:\Windows\SYSTEM32\ntdll.dll
0x00007ffbf5f10000 - 0x00007ffbf5fc2000 	C:\Windows\System32\KERNEL32.DLL
0x00007ffbf5120000 - 0x00007ffbf53c5000 	C:\Windows\System32\KERNELBASE.dll
0x00007ffbf23c0000 - 0x00007ffbf244f000 	C:\Windows\SYSTEM32\apphelp.dll
0x00007ffbf4570000 - 0x00007ffbf466a000 	C:\Windows\System32\ucrtbase.dll
0x00007ffbef720000 - 0x00007ffbef739000 	C:\Program Files\JetBrains\IntelliJ IDEA Community Edition 2020.3.1\jbr\bin\jli.dll
0x00007ffbf6300000 - 0x00007ffbf6494000 	C:\Windows\System32\USER32.dll
0x00007ffbf4490000 - 0x00007ffbf44b1000 	C:\Windows\System32\win32u.dll
0x00007ffbf62a0000 - 0x00007ffbf62c6000 	C:\Windows\System32\GDI32.dll
0x00007ffbf42f0000 - 0x00007ffbf4486000 	C:\Windows\System32\gdi32full.dll
0x00007ffbf4e70000 - 0x00007ffbf4f0e000 	C:\Windows\System32\msvcp_win.dll
0x00007ffbdfa10000 - 0x00007ffbdfc94000 	C:\Windows\WinSxS\amd64_microsoft.windows.common-controls_6595b64144ccf1df_6.0.18362.1256_none_9e7e379be45e40e2\COMCTL32.dll
0x00007ffbf57d0000 - 0x00007ffbf586e000 	C:\Windows\System32\msvcrt.dll
0x00007ffbf65d0000 - 0x00007ffbf6906000 	C:\Windows\System32\combase.dll
0x00007ffbf64b0000 - 0x00007ffbf65d0000 	C:\Windows\System32\RPCRT4.dll
0x00007ffbf5090000 - 0x00007ffbf5111000 	C:\Windows\System32\bcryptPrimitives.dll
0x00007ffbeaec0000 - 0x00007ffbeaed7000 	C:\Program Files\JetBrains\IntelliJ IDEA Community Edition 2020.3.1\jbr\bin\VCRUNTIME140.dll
0x00007ffbf62d0000 - 0x00007ffbf62fe000 	C:\Windows\System32\IMM32.DLL
0x00007ffbd9690000 - 0x00007ffbd972d000 	C:\Program Files\JetBrains\IntelliJ IDEA Community Edition 2020.3.1\jbr\bin\msvcp140.dll
0x00007ffbc57f0000 - 0x00007ffbc62be000 	C:\Program Files\JetBrains\IntelliJ IDEA Community Edition 2020.3.1\jbr\bin\server\jvm.dll
0x00007ffbf6910000 - 0x00007ffbf69b3000 	C:\Windows\System32\ADVAPI32.dll
0x00007ffbf59a0000 - 0x00007ffbf5a37000 	C:\Windows\System32\sechost.dll
0x00007ffbf64a0000 - 0x00007ffbf64a8000 	C:\Windows\System32\PSAPI.DLL
0x00007ffbe1390000 - 0x00007ffbe1399000 	C:\Windows\SYSTEM32\WSOCK32.dll
0x00007ffbf60d0000 - 0x00007ffbf613f000 	C:\Windows\System32\WS2_32.dll
0x00007ffbf22c0000 - 0x00007ffbf22e4000 	C:\Windows\SYSTEM32\WINMM.dll
0x00007ffbe3860000 - 0x00007ffbe386a000 	C:\Windows\SYSTEM32\VERSION.dll
0x00007ffbf2260000 - 0x00007ffbf228d000 	C:\Windows\SYSTEM32\WINMMBASE.dll
0x00007ffbf4690000 - 0x00007ffbf46da000 	C:\Windows\System32\cfgmgr32.dll
0x00007ffbf4230000 - 0x00007ffbf4241000 	C:\Windows\System32\kernel.appcore.dll
0x00007ffbeb180000 - 0x00007ffbeb191000 	C:\Program Files\JetBrains\IntelliJ IDEA Community Edition 2020.3.1\jbr\bin\verify.dll
0x00007ffbe0ff0000 - 0x00007ffbe11e4000 	C:\Windows\SYSTEM32\DBGHELP.DLL
0x00007ffbe1310000 - 0x00007ffbe133a000 	C:\Windows\SYSTEM32\dbgcore.DLL
0x00007ffbeafb0000 - 0x00007ffbeafd9000 	C:\Program Files\JetBrains\IntelliJ IDEA Community Edition 2020.3.1\jbr\bin\java.dll
0x00007ffbf0ae0000 - 0x00007ffbf0aeb000 	C:\Program Files\JetBrains\IntelliJ IDEA Community Edition 2020.3.1\jbr\bin\jimage.dll
0x00007ffbef220000 - 0x00007ffbef22f000 	C:\Program Files\JetBrains\IntelliJ IDEA Community Edition 2020.3.1\jbr\bin\instrument.dll
0x00007ffbeaf90000 - 0x00007ffbeafa8000 	C:\Program Files\JetBrains\IntelliJ IDEA Community Edition 2020.3.1\jbr\bin\zip.dll

dbghelp: loaded successfully - version: 4.0.5 - missing functions: none
symbol engine: initialized successfully - sym options: 0x614 - pdb path: .;C:\Program Files\JetBrains\IntelliJ IDEA Community Edition 2020.3.1\jbr\bin;C:\Windows\SYSTEM32;C:\Windows\WinSxS\amd64_microsoft.windows.common-controls_6595b64144ccf1df_6.0.18362.1256_none_9e7e379be45e40e2;C:\Program Files\JetBrains\IntelliJ IDEA Community Edition 2020.3.1\jbr\bin\server

VM Arguments:
jvm_args: -ea -Didea.test.cyclic.buffer.size=1048576 -javaagent:C:\Program Files\JetBrains\IntelliJ IDEA Community Edition 2020.3.1\lib\idea_rt.jar=53496:C:\Program Files\JetBrains\IntelliJ IDEA Community Edition 2020.3.1\bin -Dfile.encoding=UTF-8 
java_command: com.intellij.rt.junit.JUnitStarter -ideVersion5 -junit5 com.personal.projects.oficina_interativa.unitarios.PecaRepositoryTest,testaSalvarPecaSemNome
java_class_path (initial): C:\Program Files\JetBrains\IntelliJ IDEA Community Edition 2020.3.1\lib\idea_rt.jar;C:\Users\davim\.m2\repository\org\junit\platform\junit-platform-launcher\1.7.0\junit-platform-launcher-1.7.0.jar;C:\Program Files\JetBrains\IntelliJ IDEA Community Edition 2020.3.1\plugins\junit\lib\junit5-rt.jar;C:\Program Files\JetBrains\IntelliJ IDEA Community Edition 2020.3.1\plugins\junit\lib\junit-rt.jar;C:\Users\davim\IdeaProjects\oficina_interativa\target\test-classes;C:\Users\davim\IdeaProjects\oficina_interativa\target\classes;C:\Users\davim\.m2\repository\org\springframework\boot\spring-boot-starter-data-jpa\2.4.1\spring-boot-starter-data-jpa-2.4.1.jar;C:\Users\davim\.m2\repository\org\springframework\boot\spring-boot-starter-aop\2.4.1\spring-boot-starter-aop-2.4.1.jar;C:\Users\davim\.m2\repository\org\springframework\spring-aop\5.3.2\spring-aop-5.3.2.jar;C:\Users\davim\.m2\repository\org\aspectj\aspectjweaver\1.9.6\aspectjweaver-1.9.6.jar;C:\Users\davim\.m2\repository\org\springframework\boot\spring-boot-starter-jdbc\2.4.1\spring-boot-starter-jdbc-2.4.1.jar;C:\Users\davim\.m2\repository\com\zaxxer\HikariCP\3.4.5\HikariCP-3.4.5.jar;C:\Users\davim\.m2\repository\org\springframework\spring-jdbc\5.3.2\spring-jdbc-5.3.2.jar;C:\Users\davim\.m2\repository\jakarta\transaction\jakarta.transaction-api\1.3.3\jakarta.transaction-api-1.3.3.jar;C:\Users\davim\.m2\repository\jakarta\persistence\jakarta.persistence-api\2.2.3\jakarta.persistence-api-2.2.3.jar;C:\Users\davim\.m2\repository\org\hibernate\hibernate-core\5.4.25.Final\hibernate-core-5.4.25.Final.jar;C:\Users\davim\.m2\repository\org\jboss\logging\jboss-logging\3.4.1.Final\jboss-logging-3.4.1.Final.jar;C:\Users\davim\.m2\repository\org\javassist\javassist\3.27.0-GA\javassist-3.27.0-GA.jar;C:\Users\davim\.m2\repository\net\bytebuddy\byte-buddy\1.10.18\byte-buddy-1.10.18.jar;C:\Users\davim\.m2\repository\antlr\antlr\2.7.7\antlr-2.7.7.jar;C:\Users\davim\.m2\repository\org\jboss\jandex\2.1.3.Final\jande
Launcher Type: SUN_STANDARD

[Global flags]
     intx CICompilerCount                          = 3                                         {product} {ergonomic}
     uint ConcGCThreads                            = 1                                         {product} {ergonomic}
     uint G1ConcRefinementThreads                  = 4                                         {product} {ergonomic}
   size_t G1HeapRegionSize                         = 1048576                                   {product} {ergonomic}
    uintx GCDrainStackTargetSize                   = 64                                        {product} {ergonomic}
   size_t InitialHeapSize                          = 132120576                                 {product} {ergonomic}
   size_t MarkStackSize                            = 4194304                                   {product} {ergonomic}
   size_t MaxHeapSize                              = 2113929216                                {product} {ergonomic}
   size_t MinHeapDeltaBytes                        = 1048576                                   {product} {ergonomic}
    uintx NonNMethodCodeHeapSize                   = 5830732                                {pd product} {ergonomic}
    uintx NonProfiledCodeHeapSize                  = 122913754                              {pd product} {ergonomic}
    uintx ProfiledCodeHeapSize                     = 122913754                              {pd product} {ergonomic}
    uintx ReservedCodeCacheSize                    = 251658240                              {pd product} {ergonomic}
     bool SegmentedCodeCache                       = true                                      {product} {ergonomic}
     bool UseCompressedClassPointers               = true                                 {lp64_product} {ergonomic}
     bool UseCompressedOops                        = true                                 {lp64_product} {ergonomic}
     bool UseG1GC                                  = true                                      {product} {ergonomic}
     bool UseLargePagesIndividualAllocation        = false                                  {pd product} {ergonomic}

Logging:
Log output configuration:
 #0: stdout all=warning uptime,level,tags
 #1: stderr all=off uptime,level,tags

Environment Variables:
JAVA_HOME=C:\Program Files\Java\jdk1.8.0_211
CLASSPATH=.;
PATH=C:\Python27\;C:\Python27\Scripts;C:\Program Files (x86)\Common Files\Oracle\Java\javapath;C:\Windows\system32;C:\Windows;C:\Windows\System32\Wbem;C:\Windows\System32\WindowsPowerShell\v1.0\;C:\Windows\System32\OpenSSH\;C:\Program Files\Git\cmd;C:\ProgramData\chocolatey\bin;C:\Program Files\Java\jdk1.8.0_211\bin;C:\Program Files\Microsoft SQL Server\130\Tools\Binn\;C:\Program Files\nodejs\;C:\Users\davim\AppData\Local\Microsoft\WindowsApps;C:\Users\davim\AppData\Local\Programs\Microsoft VS Code\bin;C:\Program Files\heroku\bin;C:\Program Files\Docker Toolbox;C:\Users\davim\AppData\Roaming\npm
USERNAME=davim
OS=Windows_NT
PROCESSOR_IDENTIFIER=Intel64 Family 6 Model 78 Stepping 3, GenuineIntel



---------------  S Y S T E M  ---------------

OS: Windows 10 , 64 bit Build 18362 (10.0.18362.1110)
OS uptime: 0 days 5:33 hours

CPU:total 4 (initial active 4) (2 cores per cpu, 2 threads per core) family 6 model 78 stepping 3, cmov, cx8, fxsr, mmx, sse, sse2, sse3, ssse3, sse4.1, sse4.2, popcnt, avx, avx2, aes, clmul, erms, 3dnowpref, lzcnt, ht, tsc, tscinvbit, bmi1, bmi2, adx, fma

Memory: 4k page, system-wide physical 8058M (428M free)
TotalPageFile size 29602M (AvailPageFile size 125M)
current process WorkingSet (physical memory assigned to process): 10M, peak: 10M
current process commit charge ("private bytes"): 51M, peak: 177M

vm_info: OpenJDK 64-Bit Server VM (11.0.9.1+11-b1145.63) for windows-amd64 JRE (11.0.9.1+11-b1145.63), built on Dec 21 2020 13:58:54 by "" with MS VC++ 14.0 (VS2015)

END.
